iosSwitch/build/intermediates/manifest_merge_blame_file/release/manifest-merger-blame-release-report.txt
1<?xml version="1.0" encoding="utf-8"?>
2<manifest xmlns:android="http://schemas.android.com/apk/res/android"
3    package="vn.luongvo.widget.iosswitchview" >
4
5    <uses-sdk android:minSdkVersion="11" />
5-->src\main\AndroidManifest.xml
6
7    <application
7-->src\main\AndroidManifest.xml:4:5-8:19
8        android:label="@string/app_name"
8-->src\main\AndroidManifest.xml:5:9-41
9        android:supportsRtl="true" >
9-->src\main\AndroidManifest.xml:6:9-35
10    </application>
11
12</manifest>